{"C:\\Users\\10406311\\Desktop\\document\\BackEnd\\index.js": {"path":"C:\\Users\\10406311\\Desktop\\document\\BackEnd\\index.js","statementMap":{"0":{"start":{"line":1,"column":12},"end":{"line":1,"column":26}},"1":{"start":{"line":2,"column":15},"end":{"line":2,"column":36}},"2":{"start":{"line":3,"column":16},"end":{"line":3,"column":38}},"3":{"start":{"line":4,"column":16},"end":{"line":4,"column":35}},"4":{"start":{"line":5,"column":14},"end":{"line":5,"column":35}},"5":{"start":{"line":6,"column":15},"end":{"line":6,"column":36}},"6":{"start":{"line":7,"column":13},"end":{"line":7,"column":33}},"7":{"start":{"line":8,"column":13},"end":{"line":8,"column":28}},"8":{"start":{"line":10,"column":12},"end":{"line":10,"column":21}},"9":{"start":{"line":11,"column":0},"end":{"line":11,"column":18}},"10":{"start":{"line":13,"column":0},"end":{"line":20,"column":5}},"11":{"start":{"line":24,"column":0},"end":{"line":30,"column":4}},"12":{"start":{"line":26,"column":4},"end":{"line":26,"column":55}},"13":{"start":{"line":27,"column":4},"end":{"line":27,"column":51}},"14":{"start":{"line":28,"column":4},"end":{"line":28,"column":55}},"15":{"start":{"line":33,"column":18},"end":{"line":37,"column":1}},"16":{"start":{"line":40,"column":0},"end":{"line":40,"column":53}},"17":{"start":{"line":43,"column":0},"end":{"line":43,"column":26}},"18":{"start":{"line":46,"column":0},"end":{"line":46,"column":28}},"19":{"start":{"line":49,"column":24},"end":{"line":49,"column":49}},"20":{"start":{"line":50,"column":2},"end":{"line":50,"column":48}},"21":{"start":{"line":50,"column":22},"end":{"line":50,"column":48}},"22":{"start":{"line":51,"column":2},"end":{"line":51,"column":101}},"23":{"start":{"line":51,"column":42},"end":{"line":51,"column":101}},"24":{"start":{"line":52,"column":2},"end":{"line":52,"column":23}},"25":{"start":{"line":55,"column":20},"end":{"line":60,"column":1}},"26":{"start":{"line":61,"column":0},"end":{"line":61,"column":27}},"27":{"start":{"line":68,"column":0},"end":{"line":68,"column":50}},"28":{"start":{"line":69,"column":0},"end":{"line":69,"column":29}},"29":{"start":{"line":71,"column":0},"end":{"line":73,"column":3}},"30":{"start":{"line":72,"column":2},"end":{"line":72,"column":45}},"31":{"start":{"line":75,"column":15},"end":{"line":75,"column":53}},"32":{"start":{"line":79,"column":0},"end":{"line":85,"column":3}},"33":{"start":{"line":80,"column":2},"end":{"line":82,"column":3}},"34":{"start":{"line":81,"column":4},"end":{"line":81,"column":65}},"35":{"start":{"line":83,"column":2},"end":{"line":83,"column":51}},"36":{"start":{"line":84,"column":2},"end":{"line":84,"column":14}},"37":{"start":{"line":87,"column":0},"end":{"line":87,"column":24}}},"fnMap":{"0":{"name":"(anonymous_0)","decl":{"start":{"line":25,"column":2},"end":{"line":25,"column":3}},"loc":{"start":{"line":25,"column":18},"end":{"line":29,"column":3}},"line":25},"1":{"name":"checkOriginAgainstWhitelist","decl":{"start":{"line":48,"column":9},"end":{"line":48,"column":36}},"loc":{"start":{"line":48,"column":42},"end":{"line":53,"column":1}},"line":48},"2":{"name":"(anonymous_2)","decl":{"start":{"line":71,"column":33},"end":{"line":71,"column":34}},"loc":{"start":{"line":71,"column":44},"end":{"line":73,"column":1}},"line":71},"3":{"name":"(anonymous_3)","decl":{"start":{"line":79,"column":29},"end":{"line":79,"column":30}},"loc":{"start":{"line":79,"column":38},"end":{"line":85,"column":1}},"line":79}},"branchMap":{"0":{"loc":{"start":{"line":50,"column":2},"end":{"line":50,"column":48}},"type":"if","locations":[{"start":{"line":50,"column":2},"end":{"line":50,"column":48}},{"start":{"line":50,"column":2},"end":{"line":50,"column":48}}],"line":50},"1":{"loc":{"start":{"line":51,"column":2},"end":{"line":51,"column":101}},"type":"if","locations":[{"start":{"line":51,"column":2},"end":{"line":51,"column":101}},{"start":{"line":51,"column":2},"end":{"line":51,"column":101}}],"line":51},"2":{"loc":{"start":{"line":80,"column":2},"end":{"line":82,"column":3}},"type":"if","locations":[{"start":{"line":80,"column":2},"end":{"line":82,"column":3}},{"start":{"line":80,"column":2},"end":{"line":82,"column":3}}],"line":80}},"s":{"0":1,"1":1,"2":1,"3":1,"4":1,"5":1,"6":1,"7":1,"8":1,"9":1,"10":1,"11":1,"12":0,"13":0,"14":0,"15":1,"16":1,"17":1,"18":1,"19":2,"20":2,"21":2,"22":0,"23":0,"24":0,"25":1,"26":1,"27":1,"28":1,"29":1,"30":0,"31":1,"32":1,"33":1,"34":0,"35":1,"36":1,"37":1},"f":{"0":0,"1":2,"2":0,"3":1},"b":{"0":[2,0],"1":[0,0],"2":[0,1]},"_coverageSchema":"43e27e138ebf9cfc5966b082cf9a028302ed4184","hash":"e68bd20270981ffd8b04ec662db069f15bf47d9b"}
,"C:\\Users\\10406311\\Desktop\\document\\BackEnd\\src\\routes.js": {"path":"C:\\Users\\10406311\\Desktop\\document\\BackEnd\\src\\routes.js","statementMap":{"0":{"start":{"line":1,"column":15},"end":{"line":1,"column":36}},"1":{"start":{"line":2,"column":15},"end":{"line":2,"column":32}},"2":{"start":{"line":4,"column":20},"end":{"line":4,"column":61}},"3":{"start":{"line":5,"column":20},"end":{"line":5,"column":47}},"4":{"start":{"line":7,"column":0},"end":{"line":20,"column":2}},"5":{"start":{"line":8,"column":21},"end":{"line":10,"column":4}},"6":{"start":{"line":12,"column":2},"end":{"line":14,"column":5}},"7":{"start":{"line":13,"column":4},"end":{"line":13,"column":60}},"8":{"start":{"line":17,"column":2},"end":{"line":17,"column":49}},"9":{"start":{"line":19,"column":2},"end":{"line":19,"column":60}}},"fnMap":{"0":{"name":"(anonymous_0)","decl":{"start":{"line":7,"column":17},"end":{"line":7,"column":18}},"loc":{"start":{"line":7,"column":26},"end":{"line":20,"column":1}},"line":7},"1":{"name":"(anonymous_1)","decl":{"start":{"line":12,"column":22},"end":{"line":12,"column":23}},"loc":{"start":{"line":12,"column":31},"end":{"line":14,"column":3}},"line":12}},"branchMap":{},"s":{"0":1,"1":1,"2":1,"3":1,"4":1,"5":1,"6":1,"7":0,"8":1,"9":1},"f":{"0":1,"1":0},"b":{},"_coverageSchema":"43e27e138ebf9cfc5966b082cf9a028302ed4184","hash":"8894edddcb0dce115a2ea10ede1983719a10412f"}
,"C:\\Users\\10406311\\Desktop\\document\\BackEnd\\src\\rest\\controllers\\query\\index.js": {"path":"C:\\Users\\10406311\\Desktop\\document\\BackEnd\\src\\rest\\controllers\\query\\index.js","statementMap":{"0":{"start":{"line":1,"column":15},"end":{"line":1,"column":36}},"1":{"start":{"line":2,"column":19},"end":{"line":2,"column":47}},"2":{"start":{"line":4,"column":15},"end":{"line":4,"column":27}},"3":{"start":{"line":19,"column":0},"end":{"line":19,"column":54}},"4":{"start":{"line":21,"column":0},"end":{"line":21,"column":24}}},"fnMap":{},"branchMap":{},"s":{"0":1,"1":1,"2":1,"3":1,"4":1},"f":{},"b":{},"_coverageSchema":"43e27e138ebf9cfc5966b082cf9a028302ed4184","hash":"03755bb84243f07c8c59ab6c204806a777199f77"}
,"C:\\Users\\10406311\\Desktop\\document\\BackEnd\\src\\rest\\controllers\\query\\queryController.js": {"path":"C:\\Users\\10406311\\Desktop\\document\\BackEnd\\src\\rest\\controllers\\query\\queryController.js","statementMap":{"0":{"start":{"line":1,"column":20},"end":{"line":1,"column":54}},"1":{"start":{"line":4,"column":0},"end":{"line":16,"column":2}},"2":{"start":{"line":5,"column":2},"end":{"line":5,"column":30}},"3":{"start":{"line":6,"column":2},"end":{"line":15,"column":3}},"4":{"start":{"line":7,"column":21},"end":{"line":7,"column":32}},"5":{"start":{"line":8,"column":4},"end":{"line":12,"column":5}},"6":{"start":{"line":9,"column":6},"end":{"line":9,"column":65}},"7":{"start":{"line":11,"column":6},"end":{"line":11,"column":86}},"8":{"start":{"line":14,"column":4},"end":{"line":14,"column":70}}},"fnMap":{"0":{"name":"(anonymous_0)","decl":{"start":{"line":4,"column":23},"end":{"line":4,"column":24}},"loc":{"start":{"line":4,"column":38},"end":{"line":16,"column":1}},"line":4}},"branchMap":{"0":{"loc":{"start":{"line":8,"column":4},"end":{"line":12,"column":5}},"type":"if","locations":[{"start":{"line":8,"column":4},"end":{"line":12,"column":5}},{"start":{"line":8,"column":4},"end":{"line":12,"column":5}}],"line":8}},"s":{"0":1,"1":1,"2":2,"3":2,"4":2,"5":2,"6":1,"7":1,"8":0},"f":{"0":2},"b":{"0":[1,1]},"_coverageSchema":"43e27e138ebf9cfc5966b082cf9a028302ed4184","hash":"2038b14936319e99eabbc33d47dd43737f859d1b"}
,"C:\\Users\\10406311\\Desktop\\document\\BackEnd\\src\\rest\\middlewares\\filter.js": {"path":"C:\\Users\\10406311\\Desktop\\document\\BackEnd\\src\\rest\\middlewares\\filter.js","statementMap":{"0":{"start":{"line":2,"column":20},"end":{"line":2,"column":51}},"1":{"start":{"line":4,"column":0},"end":{"line":13,"column":1}},"2":{"start":{"line":5,"column":2},"end":{"line":5,"column":24}},"3":{"start":{"line":6,"column":2},"end":{"line":12,"column":3}},"4":{"start":{"line":7,"column":4},"end":{"line":7,"column":25}},"5":{"start":{"line":8,"column":4},"end":{"line":8,"column":26}},"6":{"start":{"line":9,"column":4},"end":{"line":9,"column":17}},"7":{"start":{"line":11,"column":4},"end":{"line":11,"column":70}}},"fnMap":{"0":{"name":"(anonymous_0)","decl":{"start":{"line":4,"column":17},"end":{"line":4,"column":18}},"loc":{"start":{"line":4,"column":38},"end":{"line":13,"column":1}},"line":4}},"branchMap":{},"s":{"0":1,"1":1,"2":2,"3":2,"4":2,"5":2,"6":2,"7":0},"f":{"0":2},"b":{},"_coverageSchema":"43e27e138ebf9cfc5966b082cf9a028302ed4184","hash":"1b6ba5fa7428bd917fe8cf212605966556f64ee2"}
,"C:\\Users\\10406311\\Desktop\\document\\BackEnd\\src\\utils\\formator.js": {"path":"C:\\Users\\10406311\\Desktop\\document\\BackEnd\\src\\utils\\formator.js","statementMap":{"0":{"start":{"line":1,"column":0},"end":{"line":60,"column":2}},"1":{"start":{"line":3,"column":4},"end":{"line":3,"column":25}},"2":{"start":{"line":4,"column":4},"end":{"line":4,"column":21}},"3":{"start":{"line":5,"column":4},"end":{"line":5,"column":27}},"4":{"start":{"line":6,"column":4},"end":{"line":17,"column":5}},"5":{"start":{"line":7,"column":6},"end":{"line":7,"column":26}},"6":{"start":{"line":8,"column":6},"end":{"line":8,"column":23}},"7":{"start":{"line":9,"column":11},"end":{"line":17,"column":5}},"8":{"start":{"line":10,"column":6},"end":{"line":10,"column":38}},"9":{"start":{"line":12,"column":6},"end":{"line":12,"column":26}},"10":{"start":{"line":13,"column":6},"end":{"line":13,"column":27}},"11":{"start":{"line":14,"column":6},"end":{"line":16,"column":7}},"12":{"start":{"line":15,"column":8},"end":{"line":15,"column":32}},"13":{"start":{"line":45,"column":4},"end":{"line":45,"column":107}},"14":{"start":{"line":45,"column":47},"end":{"line":45,"column":107}},"15":{"start":{"line":46,"column":4},"end":{"line":53,"column":5}},"16":{"start":{"line":47,"column":6},"end":{"line":52,"column":8}},"17":{"start":{"line":54,"column":4},"end":{"line":58,"column":6}}},"fnMap":{"0":{"name":"(anonymous_0)","decl":{"start":{"line":2,"column":2},"end":{"line":2,"column":3}},"loc":{"start":{"line":2,"column":29},"end":{"line":18,"column":3}},"line":2},"1":{"name":"(anonymous_1)","decl":{"start":{"line":44,"column":2},"end":{"line":44,"column":3}},"loc":{"start":{"line":44,"column":21},"end":{"line":59,"column":3}},"line":44}},"branchMap":{"0":{"loc":{"start":{"line":6,"column":4},"end":{"line":17,"column":5}},"type":"if","locations":[{"start":{"line":6,"column":4},"end":{"line":17,"column":5}},{"start":{"line":6,"column":4},"end":{"line":17,"column":5}}],"line":6},"1":{"loc":{"start":{"line":9,"column":11},"end":{"line":17,"column":5}},"type":"if","locations":[{"start":{"line":9,"column":11},"end":{"line":17,"column":5}},{"start":{"line":9,"column":11},"end":{"line":17,"column":5}}],"line":9},"2":{"loc":{"start":{"line":14,"column":6},"end":{"line":16,"column":7}},"type":"if","locations":[{"start":{"line":14,"column":6},"end":{"line":16,"column":7}},{"start":{"line":14,"column":6},"end":{"line":16,"column":7}}],"line":14},"3":{"loc":{"start":{"line":45,"column":4},"end":{"line":45,"column":107}},"type":"if","locations":[{"start":{"line":45,"column":4},"end":{"line":45,"column":107}},{"start":{"line":45,"column":4},"end":{"line":45,"column":107}}],"line":45},"4":{"loc":{"start":{"line":45,"column":8},"end":{"line":45,"column":45}},"type":"binary-expr","locations":[{"start":{"line":45,"column":8},"end":{"line":45,"column":29}},{"start":{"line":45,"column":33},"end":{"line":45,"column":45}}],"line":45},"5":{"loc":{"start":{"line":46,"column":4},"end":{"line":53,"column":5}},"type":"if","locations":[{"start":{"line":46,"column":4},"end":{"line":53,"column":5}},{"start":{"line":46,"column":4},"end":{"line":53,"column":5}}],"line":46}},"s":{"0":1,"1":2,"2":2,"3":2,"4":2,"5":0,"6":0,"7":2,"8":1,"9":1,"10":1,"11":1,"12":0,"13":2,"14":0,"15":2,"16":0,"17":2},"f":{"0":2,"1":2},"b":{"0":[0,2],"1":[1,1],"2":[0,1],"3":[0,2],"4":[2,1],"5":[0,2]},"_coverageSchema":"43e27e138ebf9cfc5966b082cf9a028302ed4184","hash":"d1c55b3fcbb3055c50f237971399fb07cd4202ef"}
}
