TN:
SF:C:\Users\10406311\Desktop\document\BackEnd\index.js
FN:25,(anonymous_0)
FN:48,checkOriginAgainstWhitelist
FN:71,(anonymous_2)
FN:79,(anonymous_3)
FNF:4
FNH:2
FNDA:0,(anonymous_0)
FNDA:2,checkOriginAgainstWhitelist
FNDA:0,(anonymous_2)
FNDA:1,(anonymous_3)
DA:1,1
DA:2,1
DA:3,1
DA:4,1
DA:5,1
DA:6,1
DA:7,1
DA:8,1
DA:10,1
DA:11,1
DA:13,1
DA:24,1
DA:26,0
DA:27,0
DA:28,0
DA:33,1
DA:40,1
DA:43,1
DA:46,1
DA:49,2
DA:50,2
DA:51,0
DA:52,0
DA:55,1
DA:61,1
DA:68,1
DA:69,1
DA:71,1
DA:72,0
DA:75,1
DA:79,1
DA:80,1
DA:81,0
DA:83,1
DA:84,1
DA:87,1
LF:36
LH:29
BRDA:50,0,0,2
BRDA:50,0,1,0
BRDA:51,1,0,0
BRDA:51,1,1,0
BRDA:80,2,0,0
BRDA:80,2,1,1
BRF:6
BRH:2
end_of_record
TN:
SF:C:\Users\10406311\Desktop\document\BackEnd\src\routes.js
FN:7,(anonymous_0)
FN:12,(anonymous_1)
FNF:2
FNH:1
FNDA:1,(anonymous_0)
FNDA:0,(anonymous_1)
DA:1,1
DA:2,1
DA:4,1
DA:5,1
DA:7,1
DA:8,1
DA:12,1
DA:13,0
DA:17,1
DA:19,1
LF:10
LH:9
BRF:0
BRH:0
end_of_record
TN:
SF:C:\Users\10406311\Desktop\document\BackEnd\src\rest\controllers\query\index.js
FNF:0
FNH:0
DA:1,1
DA:2,1
DA:4,1
DA:19,1
DA:21,1
LF:5
LH:5
BRF:0
BRH:0
end_of_record
TN:
SF:C:\Users\10406311\Desktop\document\BackEnd\src\rest\controllers\query\queryController.js
FN:4,(anonymous_0)
FNF:1
FNH:1
FNDA:2,(anonymous_0)
DA:1,1
DA:4,1
DA:5,2
DA:6,2
DA:7,2
DA:8,2
DA:9,1
DA:11,1
DA:14,0
LF:9
LH:8
BRDA:8,0,0,1
BRDA:8,0,1,1
BRF:2
BRH:2
end_of_record
TN:
SF:C:\Users\10406311\Desktop\document\BackEnd\src\rest\middlewares\filter.js
FN:4,(anonymous_0)
FNF:1
FNH:1
FNDA:2,(anonymous_0)
DA:2,1
DA:4,1
DA:5,2
DA:6,2
DA:7,2
DA:8,2
DA:9,2
DA:11,0
LF:8
LH:7
BRF:0
BRH:0
end_of_record
TN:
SF:C:\Users\10406311\Desktop\document\BackEnd\src\utils\formator.js
FN:2,(anonymous_0)
FN:44,(anonymous_1)
FNF:2
FNH:2
FNDA:2,(anonymous_0)
FNDA:2,(anonymous_1)
DA:1,1
DA:3,2
DA:4,2
DA:5,2
DA:6,2
DA:7,0
DA:8,0
DA:9,2
DA:10,1
DA:12,1
DA:13,1
DA:14,1
DA:15,0
DA:45,2
DA:46,2
DA:47,0
DA:54,2
LF:17
LH:13
BRDA:6,0,0,0
BRDA:6,0,1,2
BRDA:9,1,0,1
BRDA:9,1,1,1
BRDA:14,2,0,0
BRDA:14,2,1,1
BRDA:45,3,0,0
BRDA:45,3,1,2
BRDA:45,4,0,2
BRDA:45,4,1,1
BRDA:46,5,0,0
BRDA:46,5,1,2
BRF:12
BRH:8
end_of_record
